1771475360344	geckodriver	INFO	Listening on 127.0.0.1:50538
1771475363482	mozrunner::runner	INFO	Running command: "C:\\Program Files\\Mozilla Firefox\\firefox.exe" "--marionette" "--remote-debugging-port" "50539" "--remote-allow-hosts" "localhost" "-no-remote" "-profile" "C:\\Users\\KIIT\\AppData\\Local\\Temp\\rust_mozprofile3JjCkW"
console.warn: services.settings: Ignoring preference override of remote settings server
console.warn: services.settings: Allow by setting MOZ_REMOTE_SETTINGS_DEVTOOLS=1 in the environment
Dynamically enable window occlusion 0
1771475364261	Marionette	INFO	Marionette enabled
1771475364490	Marionette	INFO	Listening on port 50550
WebDriver BiDi listening on ws://127.0.0.1:50539
Read port: 50550
1771475364797	RemoteAgent	WARN	TLS certificate errors will be ignored for this session
console.warn: LoginRecipes: "Falling back to a synchronous message for: https://opensource-demo.orangehrmlive.com."
console.warn: LoginRecipes: "Falling back to a synchronous message for: https://opensource-demo.orangehrmlive.com."
JavaScript warning: https://www.youtube.com/s/player/a944b11f/player_es6.vflset/en_US/base.js, line 7058: WEBGL_debug_renderer_info is deprecated in Firefox and will be removed. Please use RENDERER.
JavaScript warning: https://www.google.com/js/th/z97TkMgE-j9HmisUrsWV62Ygzep7jjhm-fOtzf8kT1k.js, line 2710: unreachable code after return statement
JavaScript warning: https://www.google.com/js/th/z97TkMgE-j9HmisUrsWV62Ygzep7jjhm-fOtzf8kT1k.js, line 2710: unreachable code after return statement
JavaScript warning: https://www.google.com/js/th/z97TkMgE-j9HmisUrsWV62Ygzep7jjhm-fOtzf8kT1k.js, line 2710: unreachable code after return statement
JavaScript warning: https://www.google.com/js/th/z97TkMgE-j9HmisUrsWV62Ygzep7jjhm-fOtzf8kT1k.js, line 2710: unreachable code after return statement
JavaScript warning: https://www.google.com/js/th/z97TkMgE-j9HmisUrsWV62Ygzep7jjhm-fOtzf8kT1k.js, line 2710: unreachable code after return statement
JavaScript warning: https://www.google.com/js/th/z97TkMgE-j9HmisUrsWV62Ygzep7jjhm-fOtzf8kT1k.js line 2 > eval, line 2710: unreachable code after return statement
JavaScript warning: https://www.google.com/js/th/z97TkMgE-j9HmisUrsWV62Ygzep7jjhm-fOtzf8kT1k.js line 2 > eval, line 2710: unreachable code after return statement
JavaScript warning: https://www.google.com/js/th/z97TkMgE-j9HmisUrsWV62Ygzep7jjhm-fOtzf8kT1k.js line 2 > eval, line 2710: unreachable code after return statement
JavaScript warning: https://www.google.com/js/th/z97TkMgE-j9HmisUrsWV62Ygzep7jjhm-fOtzf8kT1k.js line 2 > eval, line 1: unreachable code after return statement
JavaScript warning: https://www.google.com/js/th/z97TkMgE-j9HmisUrsWV62Ygzep7jjhm-fOtzf8kT1k.js line 2 > eval line 2710 > eval, line 1: unreachable code after return statement
JavaScript warning: https://www.google.com/js/th/z97TkMgE-j9HmisUrsWV62Ygzep7jjhm-fOtzf8kT1k.js line 2 > eval, line 1: unreachable code after return statement
JavaScript warning: https://www.google.com/js/th/z97TkMgE-j9HmisUrsWV62Ygzep7jjhm-fOtzf8kT1k.js line 2 > eval line 2710 > eval, line 1: unreachable code after return statement
JavaScript warning: https://www.google.com/js/th/z97TkMgE-j9HmisUrsWV62Ygzep7jjhm-fOtzf8kT1k.js line 2 > eval line 2710 > eval, line 1: unreachable code after return statement
JavaScript warning: https://www.google.com/js/th/z97TkMgE-j9HmisUrsWV62Ygzep7jjhm-fOtzf8kT1k.js line 2 > eval line 2710 > eval line 1 > eval, line 1: unreachable code after return statement
JavaScript warning: https://www.google.com/js/th/z97TkMgE-j9HmisUrsWV62Ygzep7jjhm-fOtzf8kT1k.js line 2 > eval, line 2710: unreachable code after return statement
JavaScript warning: https://www.google.com/js/th/z97TkMgE-j9HmisUrsWV62Ygzep7jjhm-fOtzf8kT1k.js line 2 > eval line 2710 > eval line 1 > eval, line 1: unreachable code after return statement
JavaScript warning: https://www.google.com/js/th/z97TkMgE-j9HmisUrsWV62Ygzep7jjhm-fOtzf8kT1k.js line 2 > eval line 2710 > eval line 1 > eval, line 1: unreachable code after return statement
JavaScript warning: https://www.google.com/js/th/z97TkMgE-j9HmisUrsWV62Ygzep7jjhm-fOtzf8kT1k.js line 2 > eval line 2710 > eval line 1 > eval, line 1: unreachable code after return statement
JavaScript warning: https://www.google.com/js/th/z97TkMgE-j9HmisUrsWV62Ygzep7jjhm-fOtzf8kT1k.js line 2 > eval line 2710 > eval line 1 > eval line 1 > eval, line 1: unreachable code after return statement
JavaScript warning: https://www.google.com/js/th/z97TkMgE-j9HmisUrsWV62Ygzep7jjhm-fOtzf8kT1k.js line 2 > eval line 2710 > eval line 1 > eval line 1 > eval, line 1: unreachable code after return statement
JavaScript warning: https://www.google.com/js/th/z97TkMgE-j9HmisUrsWV62Ygzep7jjhm-fOtzf8kT1k.js line 2 > eval line 2710 > eval line 1 > eval line 1 > eval, line 1: unreachable code after return statement
JavaScript warning: https://www.youtube.com/s/embeds/feff0dbd/www-embed-player-es6.vflset/www-embed-player-es6.js, line 854: Script terminated by timeout at:
R@https://www.youtube.com/s/embeds/feff0dbd/www-embed-player-es6.vflset/www-embed-player-es6.js:854:196
@https://www.youtube.com/s/embeds/feff0dbd/www-embed-player-es6.vflset/www-embed-player-es6.js:1723:51
P/<@https://www.youtube.com/s/embeds/feff0dbd/www-embed-player-es6.vflset/www-embed-player-es6.js:834:62

1771475417972	Marionette	INFO	Stopped listening on port 50550
JavaScript error: resource://gre/modules/PrivateBrowsingUtils.sys.mjs, line 19: TypeError: can't access property "isChromeWindow", aWindow is null
Dynamically enable window occlusion 1
console.warn: TopSitesFeed: Failed to fetch data from MARS server: NetworkError when attempting to fetch resource.
