1771569359065	geckodriver	INFO	Listening on 127.0.0.1:51489
1771569362236	mozrunner::runner	INFO	Running command: "C:\\Program Files\\Mozilla Firefox\\firefox.exe" "--marionette" "--remote-debugging-port" "51490" "--remote-allow-hosts" "localhost" "-no-remote" "-profile" "C:\\Users\\Hp\\AppData\\Local\\Temp\\rust_mozprofileTcqdsc"
console.warn: services.settings: Ignoring preference override of remote settings server
console.warn: services.settings: Allow by setting MOZ_REMOTE_SETTINGS_DEVTOOLS=1 in the environment
Dynamically enable window occlusion 0
1771569363251	Marionette	INFO	Marionette enabled
1771569363449	Marionette	INFO	Listening on port 51499
WebDriver BiDi listening on ws://127.0.0.1:51490
Read port: 51499
1771569363752	RemoteAgent	WARN	TLS certificate errors will be ignored for this session
[GFX1-]: Calling WaitFlushedEvent::Run: is delayed: 2006
JavaScript warning: https://1c5c1ecf7303.0b384439.ap-southeast-1.token.awswaf.com/1c5c1ecf7303/6ab7d267eef9/66125abca348/challenge.js, line 1: WEBGL_debug_renderer_info is deprecated in Firefox and will be removed. Please use RENDERER.
JavaScript warning: https://1c5c1ecf7303.0b384439.ap-southeast-1.token.awswaf.com/1c5c1ecf7303/6ab7d267eef9/66125abca348/challenge.js, line 1: WEBGL_debug_renderer_info is deprecated in Firefox and will be removed. Please use RENDERER.
JavaScript warning: https://www.amazon.in/, line 3876: WEBGL_debug_renderer_info is deprecated in Firefox and will be removed. Please use RENDERER.
JavaScript warning: https://m.media-amazon.com/images/I/81BXdoJ-FBL.js?AUIClients/FWCIMAssets, line 298: WEBGL_debug_renderer_info is deprecated in Firefox and will be removed. Please use RENDERER.
JavaScript error: , line 0: NotFoundError: No such JSProcessActor 'DevToolsProcess'
JavaScript error: , line 0: NotFoundError: No such JSProcessActor 'DevToolsProcess'
JavaScript error: , line 0: NotFoundError: No such JSProcessActor 'DevToolsProcess'
JavaScript error: , line 0: NotFoundError: No such JSProcessActor 'DevToolsProcess'
JavaScript error: , line 0: NotFoundError: No such JSProcessActor 'DevToolsProcess'
JavaScript error: , line 0: NotFoundError: No such JSProcessActor 'DevToolsProcess'
JavaScript error: , line 0: NotFoundError: No such JSProcessActor 'DevToolsProcess'
JavaScript error: resource://devtools/server/actors/resources/network-events-content.js, line 79: NS_NOINTERFACE: Component returned failure code: 0x80004002 (NS_NOINTERFACE) [nsISupports.QueryInterface]
JavaScript error: resource://devtools/server/actors/resources/network-events-content.js, line 79: NS_NOINTERFACE: Component returned failure code: 0x80004002 (NS_NOINTERFACE) [nsISupports.QueryInterface]
JavaScript error: moz-src:///browser/components/search/SearchOneOffs.sys.mjs, line 392: TypeError: aEngine.getIconURL is not a function
